TN:
SF:server.js
FN:22,(anonymous_0)
FN:31,(anonymous_1)
FN:49,(anonymous_2)
FN:56,(anonymous_3)
FN:58,(anonymous_4)
FN:74,(anonymous_5)
FN:86,(anonymous_6)
FN:91,(anonymous_7)
FN:111,(anonymous_8)
FN:126,(anonymous_9)
FN:151,(anonymous_10)
FN:166,(anonymous_11)
FN:190,(anonymous_12)
FNF:13
FNH:11
FNDA:0,(anonymous_0)
FNDA:6,(anonymous_1)
FNDA:2,(anonymous_2)
FNDA:14,(anonymous_3)
FNDA:1,(anonymous_4)
FNDA:6,(anonymous_5)
FNDA:13,(anonymous_6)
FNDA:9,(anonymous_7)
FNDA:4,(anonymous_8)
FNDA:4,(anonymous_9)
FNDA:2,(anonymous_10)
FNDA:13,(anonymous_11)
FNDA:0,(anonymous_12)
DA:4,3
DA:5,3
DA:6,3
DA:14,3
DA:16,3
DA:19,3
DA:22,3
DA:23,0
DA:31,3
DA:32,6
DA:33,6
DA:34,2
DA:38,4
DA:39,4
DA:40,4
DA:41,4
DA:43,0
DA:44,0
DA:49,3
DA:50,2
DA:51,2
DA:52,2
DA:53,2
DA:54,2
DA:56,2
DA:57,14
DA:58,14
DA:61,2
DA:63,2
DA:69,0
DA:74,3
DA:76,6
DA:77,6
DA:78,6
DA:79,6
DA:81,0
DA:82,0
DA:86,3
DA:87,13
DA:91,3
DA:92,9
DA:93,9
DA:94,4
DA:98,5
DA:99,5
DA:100,4
DA:102,1
DA:103,1
DA:105,0
DA:111,3
DA:112,4
DA:114,4
DA:115,4
DA:116,4
DA:117,3
DA:119,1
DA:121,0
DA:126,3
DA:127,4
DA:128,4
DA:130,4
DA:131,1
DA:135,3
DA:136,3
DA:137,3
DA:138,2
DA:140,1
DA:142,0
DA:143,0
DA:145,0
DA:151,3
DA:152,2
DA:154,2
DA:155,2
DA:156,2
DA:157,1
DA:159,1
DA:161,0
DA:166,3
DA:167,13
DA:168,13
DA:170,13
DA:171,13
DA:172,13
DA:173,12
DA:176,1
DA:177,0
DA:180,1
DA:181,1
DA:183,0
DA:188,3
DA:189,3
DA:190,0
DA:193,3
LF:94
LH:79
BRDA:33,0,0,2
BRDA:33,0,1,4
BRDA:61,1,0,1
BRDA:61,1,1,1
BRDA:93,2,0,4
BRDA:93,2,1,5
BRDA:93,3,0,9
BRDA:93,3,1,6
BRDA:93,3,2,6
BRDA:102,4,0,1
BRDA:102,4,1,0
BRDA:116,5,0,3
BRDA:116,5,1,1
BRDA:130,6,0,1
BRDA:130,6,1,3
BRDA:130,7,0,4
BRDA:130,7,1,3
BRDA:130,7,2,3
BRDA:137,8,0,2
BRDA:137,8,1,1
BRDA:142,9,0,0
BRDA:142,9,1,0
BRDA:156,10,0,1
BRDA:156,10,1,1
BRDA:172,11,0,12
BRDA:172,11,1,1
BRDA:176,12,0,0
BRDA:176,12,1,1
BRDA:176,13,0,1
BRDA:176,13,1,1
BRDA:176,13,2,1
BRDA:188,14,0,3
BRDA:188,14,1,3
BRDA:189,15,0,0
BRDA:189,15,1,3
BRF:35
BRH:30
end_of_record
TN:
SF:simple-database.js
FN:8,(anonymous_0)
FN:13,(anonymous_1)
FN:34,(anonymous_2)
FN:42,(anonymous_3)
FN:46,(anonymous_4)
FN:47,(anonymous_5)
FN:50,(anonymous_6)
FN:52,(anonymous_7)
FN:59,(anonymous_8)
FN:71,(anonymous_9)
FN:72,(anonymous_10)
FN:79,(anonymous_11)
FN:91,(anonymous_12)
FN:92,(anonymous_13)
FN:103,(anonymous_14)
FN:105,(anonymous_15)
FN:115,(anonymous_16)
FN:116,(anonymous_17)
FN:117,(anonymous_18)
FN:118,(anonymous_19)
FN:119,(anonymous_20)
FN:120,(anonymous_21)
FNF:22
FNH:22
FNDA:3,(anonymous_0)
FNDA:3,(anonymous_1)
FNDA:6,(anonymous_2)
FNDA:8,(anonymous_3)
FNDA:17,(anonymous_4)
FNDA:108,(anonymous_5)
FNDA:5,(anonymous_6)
FNDA:28,(anonymous_7)
FNDA:23,(anonymous_8)
FNDA:3,(anonymous_9)
FNDA:16,(anonymous_10)
FNDA:8,(anonymous_11)
FNDA:2,(anonymous_12)
FNDA:8,(anonymous_13)
FNDA:4,(anonymous_14)
FNDA:28,(anonymous_15)
FNDA:8,(anonymous_16)
FNDA:17,(anonymous_17)
FNDA:5,(anonymous_18)
FNDA:3,(anonymous_19)
FNDA:2,(anonymous_20)
FNDA:4,(anonymous_21)
DA:1,3
DA:2,3
DA:4,3
DA:9,3
DA:10,3
DA:14,3
DA:15,3
DA:17,0
DA:22,0
DA:24,3
DA:25,3
DA:27,3
DA:29,0
DA:30,0
DA:35,6
DA:36,6
DA:38,0
DA:43,8
DA:47,108
DA:52,28
DA:53,5
DA:54,1
DA:55,1
DA:56,1
DA:59,23
DA:60,4
DA:66,4
DA:67,4
DA:68,4
DA:72,16
DA:74,3
DA:75,2
DA:79,8
DA:80,1
DA:81,0
DA:82,0
DA:83,0
DA:86,1
DA:87,1
DA:88,1
DA:92,8
DA:94,2
DA:95,1
DA:98,1
DA:99,1
DA:100,1
DA:104,4
DA:105,4
DA:106,28
DA:112,3
DA:114,3
DA:115,8
DA:116,17
DA:117,5
DA:118,3
DA:119,2
DA:120,4
LF:57
LH:49
BRDA:15,0,0,0
BRDA:15,0,1,3
BRDA:47,1,0,17
BRDA:47,1,1,15
BRDA:53,2,0,1
BRDA:53,2,1,4
BRDA:59,3,0,4
BRDA:59,3,1,0
BRDA:74,4,0,2
BRDA:74,4,1,1
BRDA:79,5,0,8
BRDA:79,5,1,0
BRDA:80,6,0,0
BRDA:80,6,1,1
BRDA:94,7,0,1
BRDA:94,7,1,1
BRF:16
BRH:12
end_of_record
TN:
SF:tests/books.tests.js
FN:4,(anonymous_0)
FN:5,(anonymous_1)
FN:11,(anonymous_2)
FN:20,(anonymous_3)
FNF:4
FNH:0
FNDA:0,(anonymous_0)
FNDA:0,(anonymous_1)
FNDA:0,(anonymous_2)
FNDA:0,(anonymous_3)
DA:1,0
DA:2,0
DA:4,0
DA:5,0
DA:6,0
DA:7,0
DA:8,0
DA:11,0
DA:12,0
DA:15,0
DA:16,0
DA:17,0
DA:20,0
DA:21,0
DA:24,0
DA:25,0
LF:16
LH:0
BRF:0
BRH:0
end_of_record
TN:
SF:tests/working-frontend-tests.js
FN:11,(anonymous_0)
FN:20,(anonymous_1)
FN:28,(anonymous_2)
FN:30,(anonymous_3)
FN:33,(anonymous_4)
FN:40,(anonymous_5)
FN:42,(anonymous_6)
FN:46,(anonymous_7)
FN:56,(anonymous_8)
FN:64,(anonymous_9)
FN:72,(anonymous_10)
FN:73,(anonymous_11)
FN:76,(anonymous_12)
FN:83,(anonymous_13)
FN:87,(anonymous_14)
FN:94,(anonymous_15)
FN:99,(anonymous_16)
FN:105,(anonymous_17)
FN:111,(anonymous_18)
FN:114,(anonymous_19)
FN:123,(anonymous_20)
FN:125,(anonymous_21)
FN:129,(anonymous_22)
FN:138,(anonymous_23)
FN:140,(anonymous_24)
FN:144,(anonymous_25)
FNF:26
FNH:0
FNDA:0,(anonymous_0)
FNDA:0,(anonymous_1)
FNDA:0,(anonymous_2)
FNDA:0,(anonymous_3)
FNDA:0,(anonymous_4)
FNDA:0,(anonymous_5)
FNDA:0,(anonymous_6)
FNDA:0,(anonymous_7)
FNDA:0,(anonymous_8)
FNDA:0,(anonymous_9)
FNDA:0,(anonymous_10)
FNDA:0,(anonymous_11)
FNDA:0,(anonymous_12)
FNDA:0,(anonymous_13)
FNDA:0,(anonymous_14)
FNDA:0,(anonymous_15)
FNDA:0,(anonymous_16)
FNDA:0,(anonymous_17)
FNDA:0,(anonymous_18)
FNDA:0,(anonymous_19)
FNDA:0,(anonymous_20)
FNDA:0,(anonymous_21)
FNDA:0,(anonymous_22)
FNDA:0,(anonymous_23)
FNDA:0,(anonymous_24)
FNDA:0,(anonymous_25)
DA:2,0
DA:3,0
DA:4,0
DA:5,0
DA:8,0
DA:9,0
DA:11,0
DA:12,0
DA:20,0
DA:21,0
DA:24,0
DA:28,0
DA:29,0
DA:30,0
DA:32,0
DA:33,0
DA:35,0
DA:36,0
DA:40,0
DA:41,0
DA:42,0
DA:44,0
DA:45,0
DA:46,0
DA:48,0
DA:52,0
DA:56,0
DA:57,0
DA:58,0
DA:60,0
DA:64,0
DA:65,0
DA:66,0
DA:68,0
DA:72,0
DA:73,0
DA:75,0
DA:76,0
DA:78,0
DA:79,0
DA:83,0
DA:84,0
DA:86,0
DA:87,0
DA:89,0
DA:90,0
DA:94,0
DA:95,0
DA:97,0
DA:98,0
DA:99,0
DA:101,0
DA:105,0
DA:106,0
DA:111,0
DA:113,0
DA:114,0
DA:116,0
DA:117,0
DA:118,0
DA:119,0
DA:123,0
DA:124,0
DA:125,0
DA:127,0
DA:128,0
DA:129,0
DA:131,0
DA:138,0
DA:139,0
DA:140,0
DA:142,0
DA:143,0
DA:144,0
DA:146,0
DA:147,0
LF:76
LH:0
BRF:0
BRH:0
end_of_record
